[18-Jun-2025 14:49:02 Asia/Colombo] PHP Fatal error:  Uncaught Error: mysqli_stmt object is already closed in C:\Users\nuwani\OneDrive - McLarens Holdings Limited\Projects\woss-tripbonus\controllers\markStandbyAttendanceController.php:103
Stack trace:
#0 C:\Users\nuwani\OneDrive - McLarens Holdings Limited\Projects\woss-tripbonus\controllers\markStandbyAttendanceController.php(103): mysqli_stmt->close()
#1 {main}
  thrown in C:\Users\nuwani\OneDrive - McLarens Holdings Limited\Projects\woss-tripbonus\controllers\markStandbyAttendanceController.php on line 103
[18-Jun-2025 14:49:46 Asia/Colombo] PHP Fatal error:  Uncaught Error: mysqli_stmt object is already closed in C:\Users\nuwani\OneDrive - McLarens Holdings Limited\Projects\woss-tripbonus\controllers\markStandbyAttendanceController.php:103
Stack trace:
#0 C:\Users\nuwani\OneDrive - McLarens Holdings Limited\Projects\woss-tripbonus\controllers\markStandbyAttendanceController.php(103): mysqli_stmt->close()
#1 {main}
  thrown in C:\Users\nuwani\OneDrive - McLarens Holdings Limited\Projects\woss-tripbonus\controllers\markStandbyAttendanceController.php on line 103
[18-Jun-2025 16:33:25 Asia/Colombo] Received userIDs: Array
(
    [0] => 2
    [1] => 3
)

[18-Jun-2025 16:33:25 Asia/Colombo] PHP Fatal error:  Uncaught Error: mysqli_stmt object is already closed in C:\Users\nuwani\OneDrive - McLarens Holdings Limited\Projects\woss-tripbonus\controllers\markStandbyAttendanceController.php:110
Stack trace:
#0 C:\Users\nuwani\OneDrive - McLarens Holdings Limited\Projects\woss-tripbonus\controllers\markStandbyAttendanceController.php(110): mysqli_stmt->close()
#1 {main}
  thrown in C:\Users\nuwani\OneDrive - McLarens Holdings Limited\Projects\woss-tripbonus\controllers\markStandbyAttendanceController.php on line 110
[18-Jun-2025 16:36:53 Asia/Colombo] Processing userIDs: Array
(
    [0] => 2
    [1] => 3
)

[18-Jun-2025 16:36:53 Asia/Colombo] PHP Fatal error:  Uncaught Error: mysqli_stmt object is already closed in C:\Users\nuwani\OneDrive - McLarens Holdings Limited\Projects\woss-tripbonus\controllers\markStandbyAttendanceController.php:112
Stack trace:
#0 C:\Users\nuwani\OneDrive - McLarens Holdings Limited\Projects\woss-tripbonus\controllers\markStandbyAttendanceController.php(112): mysqli_stmt->close()
#1 {main}
  thrown in C:\Users\nuwani\OneDrive - McLarens Holdings Limited\Projects\woss-tripbonus\controllers\markStandbyAttendanceController.php on line 112
[18-Jun-2025 16:39:56 Asia/Colombo] Processing userIDs: Array
(
    [0] => 2
    [1] => 3
)

[19-Jun-2025 09:24:45 Asia/Colombo] Processing userIDs: Array
(
    [0] => 2
)

[20-Jun-2025 08:39:55 Asia/Colombo] Processing userIDs: Array
(
    [0] => 2
    [1] => 3
    [2] => 12
)

[20-Jun-2025 08:43:45 Asia/Colombo] Processing userIDs: Array
(
    [0] => 2
    [1] => 3
    [2] => 11
)

[20-Jun-2025 08:46:44 Asia/Colombo] Processing userIDs: Array
(
    [0] => 2
    [1] => 3
)

[20-Jun-2025 08:49:54 Asia/Colombo] Processing userIDs: Array
(
    [0] => 2
    [1] => 3
)

[20-Jun-2025 10:14:05 Asia/Colombo] Processing userIDs: Array
(
    [0] => 2
    [1] => 3
)

[20-Jun-2025 10:26:00 Asia/Colombo] Processing userIDs: Array
(
    [0] => 2
    [1] => 3
)

[20-Jun-2025 12:03:57 Asia/Colombo] Processing userIDs: Array
(
    [0] => 2
)

[20-Jun-2025 12:15:31 Asia/Colombo] Processing userIDs: Array
(
    [0] => 2
)

[20-Jun-2025 13:53:32 Asia/Colombo] Processing userIDs: Array
(
    [0] => 2
    [1] => 3
)

[20-Jun-2025 14:08:16 Asia/Colombo] Processing userIDs: Array
(
    [0] => 2
    [1] => 3
)

[20-Jun-2025 12:25:12 Europe/Berlin] Job creation request received at 2025-06-20 12:25:12
[20-Jun-2025 12:25:12 Europe/Berlin] Transaction started
[20-Jun-2025 12:25:12 Europe/Berlin] Using standby_attendanceID: 6
[20-Jun-2025 12:25:12 Europe/Berlin] Processing job #1
[20-Jun-2025 12:25:12 Europe/Berlin] Job 0 data: Array
(
    [startDate] => 2025-06-20
    [endDate] => 2025-06-21
    [jobTypeID] => 1
    [vesselID] => 1
    [boatID] => 1
    [portID] => 1
    [divers] => Array
        (
            [0] => 2
            [1] => 3
        )

)

[20-Jun-2025 12:25:12 Europe/Berlin] Inserted job with ID: 47
[20-Jun-2025 12:25:12 Europe/Berlin] Created job attendance record ID: 21
[20-Jun-2025 12:25:12 Europe/Berlin] Transaction rolled back due to error
[20-Jun-2025 12:25:12 Europe/Berlin] ERROR: CONSTRAINT `CONSTRAINT_1` failed for `woss_tripbonus`.`emp_attendance`
#0 C:\Users\nuwani\OneDrive - McLarens Holdings Limited\Projects\woss-tripbonus\controllers\createJobController.php(199): mysqli_stmt->execute()
#1 {main}
[20-Jun-2025 12:36:49 Europe/Berlin] PHP Fatal error:  Uncaught Error: Call to a member function begin_transaction() on null in C:\Users\nuwani\OneDrive - McLarens Holdings Limited\Projects\woss-tripbonus\controllers\createJobController.php:29
Stack trace:
#0 {main}
  thrown in C:\Users\nuwani\OneDrive - McLarens Holdings Limited\Projects\woss-tripbonus\controllers\createJobController.php on line 29
[20-Jun-2025 17:25:49 Europe/Berlin] Transaction started
[20-Jun-2025 17:25:49 Europe/Berlin] Using standby_attendanceID: 6
[20-Jun-2025 17:25:49 Europe/Berlin] Processing job #1
[20-Jun-2025 17:25:49 Europe/Berlin] Inserted job with ID: 48
[20-Jun-2025 17:25:49 Europe/Berlin] Created job attendance record ID: 22
[20-Jun-2025 17:25:49 Europe/Berlin] Transaction rolled back due to error: Unknown column 'emp_attendanceID' in 'where clause'
[20-Jun-2025 17:27:34 Europe/Berlin] Transaction started
[20-Jun-2025 17:27:34 Europe/Berlin] Using standby_attendanceID: 6
[20-Jun-2025 17:27:34 Europe/Berlin] Processing job #1
[20-Jun-2025 17:27:34 Europe/Berlin] Inserted job with ID: 49
[20-Jun-2025 17:27:34 Europe/Berlin] Created job attendance record ID: 23
[20-Jun-2025 17:27:34 Europe/Berlin] Transaction rolled back due to error: CONSTRAINT `CONSTRAINT_1` failed for `woss_tripbonus`.`emp_attendance`
[20-Jun-2025 17:32:31 Europe/Berlin] Transaction started
[20-Jun-2025 17:32:31 Europe/Berlin] Using standby_attendanceID: 6
[20-Jun-2025 17:32:31 Europe/Berlin] Processing job #1
[20-Jun-2025 17:32:31 Europe/Berlin] Inserted job with ID: 50
[20-Jun-2025 17:32:31 Europe/Berlin] Created job attendance record ID: 24
[20-Jun-2025 17:32:31 Europe/Berlin] Transaction rolled back due to error: CONSTRAINT `CONSTRAINT_1` failed for `woss_tripbonus`.`emp_attendance`
[20-Jun-2025 20:05:53 Europe/Berlin] Transaction started
[20-Jun-2025 20:05:53 Europe/Berlin] Using standby_attendanceID: 6
[20-Jun-2025 20:05:53 Europe/Berlin] Processing job #1
[20-Jun-2025 20:05:53 Europe/Berlin] Inserted job with ID: 51
[20-Jun-2025 20:05:53 Europe/Berlin] Created job attendance record ID: 25
[20-Jun-2025 20:05:53 Europe/Berlin] Transaction rolled back due to error: CONSTRAINT `CONSTRAINT_1` failed for `woss_tripbonus`.`emp_attendance`
[20-Jun-2025 20:07:45 Europe/Berlin] Transaction started
[20-Jun-2025 20:07:45 Europe/Berlin] Using standby_attendanceID: 6
[20-Jun-2025 20:07:45 Europe/Berlin] Processing job #1
[20-Jun-2025 20:07:45 Europe/Berlin] Inserted job with ID: 52
[20-Jun-2025 20:07:45 Europe/Berlin] Created job attendance record ID: 26
[20-Jun-2025 20:07:45 Europe/Berlin] Transaction rolled back due to error: CONSTRAINT `CONSTRAINT_1` failed for `woss_tripbonus`.`emp_attendance`
[20-Jun-2025 20:09:10 Europe/Berlin] Transaction started
[20-Jun-2025 20:09:10 Europe/Berlin] Using standby_attendanceID: 6
[20-Jun-2025 20:09:10 Europe/Berlin] Processing job #1
[20-Jun-2025 20:09:10 Europe/Berlin] Inserted job with ID: 53
[20-Jun-2025 20:09:10 Europe/Berlin] Created job attendance record ID: 27
[20-Jun-2025 20:09:10 Europe/Berlin] Transaction rolled back due to error: CONSTRAINT `CONSTRAINT_1` failed for `woss_tripbonus`.`emp_attendance`
[20-Jun-2025 20:09:14 Europe/Berlin] Transaction started
[20-Jun-2025 20:09:14 Europe/Berlin] Using standby_attendanceID: 6
[20-Jun-2025 20:09:14 Europe/Berlin] Processing job #1
[20-Jun-2025 20:09:14 Europe/Berlin] Inserted job with ID: 54
[20-Jun-2025 20:09:14 Europe/Berlin] Created job attendance record ID: 28
[20-Jun-2025 20:09:14 Europe/Berlin] Transaction rolled back due to error: CONSTRAINT `CONSTRAINT_1` failed for `woss_tripbonus`.`emp_attendance`
[20-Jun-2025 20:09:43 Europe/Berlin] Transaction started
[20-Jun-2025 20:09:43 Europe/Berlin] Using standby_attendanceID: 6
[20-Jun-2025 20:09:43 Europe/Berlin] Processing job #1
[20-Jun-2025 20:09:43 Europe/Berlin] Inserted job with ID: 55
[20-Jun-2025 20:09:43 Europe/Berlin] Created job attendance record ID: 29
[20-Jun-2025 20:09:43 Europe/Berlin] Transaction rolled back due to error: CONSTRAINT `CONSTRAINT_1` failed for `woss_tripbonus`.`emp_attendance`
[21-Jun-2025 08:41:37 Asia/Colombo] Processing userIDs: Array
(
    [0] => 2
)

[21-Jun-2025 05:12:06 Europe/Berlin] Transaction started
[21-Jun-2025 05:12:06 Europe/Berlin] Using standby_attendanceID: 7
[21-Jun-2025 05:12:06 Europe/Berlin] Processing job #1
[21-Jun-2025 05:12:06 Europe/Berlin] Inserted job with ID: 56
[21-Jun-2025 05:12:06 Europe/Berlin] Created job attendance record ID: 30
[21-Jun-2025 05:12:06 Europe/Berlin] Transaction rolled back due to error: CONSTRAINT `CONSTRAINT_1` failed for `woss_tripbonus`.`emp_attendance`
[21-Jun-2025 05:18:16 Europe/Berlin] Transaction started
[21-Jun-2025 05:18:16 Europe/Berlin] Using standby_attendanceID: 7
[21-Jun-2025 05:18:16 Europe/Berlin] Processing job #1
[21-Jun-2025 05:18:16 Europe/Berlin] Inserted job with ID: 57
[21-Jun-2025 05:18:16 Europe/Berlin] Created job attendance record ID: 31
[21-Jun-2025 05:18:16 Europe/Berlin] Transaction rolled back due to error: CONSTRAINT `CONSTRAINT_1` failed for `woss_tripbonus`.`emp_attendance`
[21-Jun-2025 05:19:48 Europe/Berlin] Transaction started
[21-Jun-2025 05:19:48 Europe/Berlin] Using standby_attendanceID: 7
[21-Jun-2025 05:19:48 Europe/Berlin] Processing job #1
[21-Jun-2025 05:19:48 Europe/Berlin] Inserted job with ID: 58
[21-Jun-2025 05:19:48 Europe/Berlin] Created job attendance record ID: 32
[21-Jun-2025 05:19:48 Europe/Berlin] Transaction rolled back due to error: CONSTRAINT `CONSTRAINT_1` failed for `woss_tripbonus`.`emp_attendance`
[21-Jun-2025 08:54:48 Asia/Colombo] Processing userIDs: Array
(
    [0] => 2
    [1] => 3
)

[21-Jun-2025 05:25:32 Europe/Berlin] Transaction started
[21-Jun-2025 05:25:32 Europe/Berlin] Using standby_attendanceID: 8
[21-Jun-2025 05:25:32 Europe/Berlin] Processing job #1
[21-Jun-2025 05:25:32 Europe/Berlin] Inserted job with ID: 59
[21-Jun-2025 05:25:32 Europe/Berlin] Created job attendance record ID: 33
[21-Jun-2025 05:25:32 Europe/Berlin] Transaction rolled back due to error: CONSTRAINT `CONSTRAINT_1` failed for `woss_tripbonus`.`emp_attendance`
[21-Jun-2025 05:28:39 Europe/Berlin] Transaction started
[21-Jun-2025 05:28:39 Europe/Berlin] Using standby_attendanceID: 8
[21-Jun-2025 05:28:39 Europe/Berlin] Processing job #1
[21-Jun-2025 05:28:39 Europe/Berlin] Inserted job with ID: 60
[21-Jun-2025 05:28:39 Europe/Berlin] Created job attendance record ID: 34
[21-Jun-2025 05:28:39 Europe/Berlin] Transaction rolled back due to error: CONSTRAINT `CONSTRAINT_1` failed for `woss_tripbonus`.`emp_attendance`
[21-Jun-2025 15:06:44 Europe/Berlin] Transaction started
[21-Jun-2025 15:06:44 Europe/Berlin] Using standby_attendanceID: 8
[21-Jun-2025 15:06:44 Europe/Berlin] Processing job #1
[21-Jun-2025 15:06:44 Europe/Berlin] Inserted job with ID: 61
[21-Jun-2025 15:06:44 Europe/Berlin] Created job attendance record ID: 35
[21-Jun-2025 15:06:44 Europe/Berlin] Transaction rolled back due to error: CONSTRAINT `CONSTRAINT_1` failed for `woss_tripbonus`.`emp_attendance`
[21-Jun-2025 15:06:44 Europe/Berlin] PHP Warning:  Undefined property: mysqli_stmt::$closed in C:\Users\nuwani\OneDrive - McLarens Holdings Limited\Projects\woss-tripbonus\controllers\createJobController.php on line 250
[21-Jun-2025 15:06:44 Europe/Berlin] PHP Warning:  Undefined property: mysqli_stmt::$closed in C:\Users\nuwani\OneDrive - McLarens Holdings Limited\Projects\woss-tripbonus\controllers\createJobController.php on line 250
[21-Jun-2025 15:06:44 Europe/Berlin] PHP Warning:  Undefined property: mysqli_stmt::$closed in C:\Users\nuwani\OneDrive - McLarens Holdings Limited\Projects\woss-tripbonus\controllers\createJobController.php on line 250
[21-Jun-2025 15:06:44 Europe/Berlin] PHP Warning:  Undefined property: mysqli_stmt::$closed in C:\Users\nuwani\OneDrive - McLarens Holdings Limited\Projects\woss-tripbonus\controllers\createJobController.php on line 250
[21-Jun-2025 15:21:03 Europe/Berlin] Transaction started
[21-Jun-2025 15:21:03 Europe/Berlin] Using standby_attendanceID: 8
[21-Jun-2025 15:21:03 Europe/Berlin] Processing job #1
[21-Jun-2025 15:21:03 Europe/Berlin] Inserted job with ID: 62
[21-Jun-2025 15:21:03 Europe/Berlin] Created job attendance record ID: 36
[21-Jun-2025 15:21:03 Europe/Berlin] Transaction rolled back due to error: CONSTRAINT `CONSTRAINT_1` failed for `woss_tripbonus`.`emp_attendance`
[21-Jun-2025 15:21:03 Europe/Berlin] PHP Fatal error:  Uncaught Error: mysqli_stmt object is already closed in C:\Users\nuwani\OneDrive - McLarens Holdings Limited\Projects\woss-tripbonus\controllers\createJobController.php:247
Stack trace:
#0 C:\Users\nuwani\OneDrive - McLarens Holdings Limited\Projects\woss-tripbonus\controllers\createJobController.php(247): mysqli_stmt->close()
#1 {main}
  thrown in C:\Users\nuwani\OneDrive - McLarens Holdings Limited\Projects\woss-tripbonus\controllers\createJobController.php on line 247
[21-Jun-2025 15:21:41 Europe/Berlin] Transaction started
[21-Jun-2025 15:21:41 Europe/Berlin] Using standby_attendanceID: 8
[21-Jun-2025 15:21:41 Europe/Berlin] Processing job #1
[21-Jun-2025 15:21:41 Europe/Berlin] Inserted job with ID: 63
[21-Jun-2025 15:21:41 Europe/Berlin] Created job attendance record ID: 37
[21-Jun-2025 15:21:41 Europe/Berlin] Transaction rolled back due to error: CONSTRAINT `CONSTRAINT_1` failed for `woss_tripbonus`.`emp_attendance`
[21-Jun-2025 15:21:41 Europe/Berlin] PHP Fatal error:  Uncaught Error: mysqli_stmt object is already closed in C:\Users\nuwani\OneDrive - McLarens Holdings Limited\Projects\woss-tripbonus\controllers\createJobController.php:247
Stack trace:
#0 C:\Users\nuwani\OneDrive - McLarens Holdings Limited\Projects\woss-tripbonus\controllers\createJobController.php(247): mysqli_stmt->close()
#1 {main}
  thrown in C:\Users\nuwani\OneDrive - McLarens Holdings Limited\Projects\woss-tripbonus\controllers\createJobController.php on line 247
[21-Jun-2025 15:26:17 Europe/Berlin] Transaction started
[21-Jun-2025 15:26:17 Europe/Berlin] Using standby_attendanceID: 8
[21-Jun-2025 15:26:17 Europe/Berlin] Processing job #1
[21-Jun-2025 15:26:17 Europe/Berlin] Inserted job with ID: 64
[21-Jun-2025 15:26:17 Europe/Berlin] Created job attendance record ID: 38
[21-Jun-2025 15:26:17 Europe/Berlin] Transaction rolled back due to error: CONSTRAINT `CONSTRAINT_1` failed for `woss_tripbonus`.`emp_attendance`
[21-Jun-2025 15:29:23 Europe/Berlin] Transaction started
[21-Jun-2025 15:29:23 Europe/Berlin] Using standby_attendanceID: 8
[21-Jun-2025 15:29:23 Europe/Berlin] Processing job #1
[21-Jun-2025 15:29:23 Europe/Berlin] Inserted job with ID: 65
[21-Jun-2025 15:29:23 Europe/Berlin] Created job attendance record ID: 39
[21-Jun-2025 15:29:23 Europe/Berlin] Transaction rolled back due to error: CONSTRAINT `CONSTRAINT_1` failed for `woss_tripbonus`.`emp_attendance`
[21-Jun-2025 16:36:14 Europe/Berlin] Transaction started
[21-Jun-2025 16:36:14 Europe/Berlin] Using standby_attendanceID: 8
[21-Jun-2025 16:36:14 Europe/Berlin] Processing job #1
[21-Jun-2025 16:36:14 Europe/Berlin] Inserted job with ID: 66
[21-Jun-2025 16:36:14 Europe/Berlin] Created job attendance record ID: 40
[21-Jun-2025 16:36:14 Europe/Berlin] Transaction rolled back due to error: CONSTRAINT `CONSTRAINT_1` failed for `woss_tripbonus`.`emp_attendance`
[21-Jun-2025 16:36:23 Europe/Berlin] Transaction started
[21-Jun-2025 16:36:23 Europe/Berlin] Using standby_attendanceID: 8
[21-Jun-2025 16:36:23 Europe/Berlin] Processing job #1
[21-Jun-2025 16:36:23 Europe/Berlin] Inserted job with ID: 67
[21-Jun-2025 16:36:23 Europe/Berlin] Created job attendance record ID: 41
[21-Jun-2025 16:36:23 Europe/Berlin] Transaction rolled back due to error: CONSTRAINT `CONSTRAINT_1` failed for `woss_tripbonus`.`emp_attendance`
[21-Jun-2025 16:36:27 Europe/Berlin] Transaction started
[21-Jun-2025 16:36:27 Europe/Berlin] Using standby_attendanceID: 8
[21-Jun-2025 16:36:27 Europe/Berlin] Processing job #1
[21-Jun-2025 16:36:27 Europe/Berlin] Inserted job with ID: 68
[21-Jun-2025 16:36:27 Europe/Berlin] Created job attendance record ID: 42
[21-Jun-2025 16:36:27 Europe/Berlin] Transaction rolled back due to error: CONSTRAINT `CONSTRAINT_1` failed for `woss_tripbonus`.`emp_attendance`
[21-Jun-2025 16:37:38 Europe/Berlin] Transaction started
[21-Jun-2025 16:37:38 Europe/Berlin] Using standby_attendanceID: 8
[21-Jun-2025 16:37:38 Europe/Berlin] Processing job #1
[21-Jun-2025 16:37:38 Europe/Berlin] Inserted job with ID: 69
[21-Jun-2025 16:37:38 Europe/Berlin] Created job attendance record ID: 43
[21-Jun-2025 16:37:38 Europe/Berlin] Transaction rolled back due to error: CONSTRAINT `CONSTRAINT_1` failed for `woss_tripbonus`.`emp_attendance`
[21-Jun-2025 18:26:29 Europe/Berlin] Transaction started
[21-Jun-2025 18:26:29 Europe/Berlin] Using standby_attendanceID: 8
[21-Jun-2025 18:26:29 Europe/Berlin] Processing job #1
[21-Jun-2025 18:26:29 Europe/Berlin] Inserted job with ID: 70
[21-Jun-2025 18:26:29 Europe/Berlin] Created job attendance record ID: 44
[21-Jun-2025 18:26:29 Europe/Berlin] Transaction committed successfully
[23-Jun-2025 11:47:07 Asia/Colombo] Processing userIDs: Array
(
    [0] => 2
)

[23-Jun-2025 11:47:22 Asia/Colombo] Processing userIDs: Array
(
    [0] => 2
)

[23-Jun-2025 08:17:47 Europe/Berlin] Transaction started
[23-Jun-2025 08:17:47 Europe/Berlin] Using standby_attendanceID: 12
[23-Jun-2025 08:17:47 Europe/Berlin] Processing job #1
[23-Jun-2025 08:17:47 Europe/Berlin] Inserted job with ID: 83
[23-Jun-2025 08:17:47 Europe/Berlin] Created job attendance record ID: 57
[23-Jun-2025 08:17:47 Europe/Berlin] Transaction committed successfully
[23-Jun-2025 11:51:05 Asia/Colombo] Processing userIDs: Array
(
    [0] => 2
    [1] => 3
)

[23-Jun-2025 08:21:45 Europe/Berlin] Transaction started
[23-Jun-2025 08:21:45 Europe/Berlin] Using standby_attendanceID: 13
[23-Jun-2025 08:21:45 Europe/Berlin] Processing job #1
[23-Jun-2025 08:21:45 Europe/Berlin] Inserted job with ID: 84
[23-Jun-2025 08:21:45 Europe/Berlin] Created job attendance record ID: 58
[23-Jun-2025 08:21:45 Europe/Berlin] Transaction committed successfully
[24-Jun-2025 12:17:36 Asia/Colombo] Processing userIDs: Array
(
    [0] => 3
    [1] => 13
    [2] => 14
    [3] => 2
)

[24-Jun-2025 10:24:06 Europe/Berlin] Transaction started
[24-Jun-2025 10:24:06 Europe/Berlin] Using standby_attendanceID: 14
[24-Jun-2025 10:24:06 Europe/Berlin] Processing job #1
[24-Jun-2025 10:24:06 Europe/Berlin] Inserted job with ID: 85
[24-Jun-2025 10:24:06 Europe/Berlin] Created job attendance record ID: 59
[24-Jun-2025 10:24:06 Europe/Berlin] Transaction rolled back due to error: empID 13 does not exist in employees table
[24-Jun-2025 13:57:19 Asia/Colombo] Processing userIDs: Array
(
    [0] => 14
    [1] => 2
    [2] => 3
)

[24-Jun-2025 10:27:38 Europe/Berlin] Transaction started
[24-Jun-2025 10:27:38 Europe/Berlin] Using standby_attendanceID: 15
[24-Jun-2025 10:27:38 Europe/Berlin] Processing job #1
[24-Jun-2025 10:27:38 Europe/Berlin] Inserted job with ID: 86
[24-Jun-2025 10:27:38 Europe/Berlin] Created job attendance record ID: 60
[24-Jun-2025 10:27:38 Europe/Berlin] Transaction rolled back due to error: empID 14 does not exist in employees table
[24-Jun-2025 14:14:32 Asia/Colombo] Processing userIDs: Array
(
    [0] => 3
    [1] => 13
    [2] => 14
)

[24-Jun-2025 10:45:07 Europe/Berlin] Transaction started
[24-Jun-2025 10:45:07 Europe/Berlin] Using standby_attendanceID: 15
[24-Jun-2025 10:45:07 Europe/Berlin] Processing job #1
[24-Jun-2025 10:45:07 Europe/Berlin] Inserted job with ID: 87
[24-Jun-2025 10:45:07 Europe/Berlin] Created job attendance record ID: 61
[24-Jun-2025 10:45:07 Europe/Berlin] Transaction committed successfully
[24-Jun-2025 14:21:41 Asia/Colombo] Processing userIDs: Array
(
    [0] => 13
    [1] => 2
    [2] => 3
)

[24-Jun-2025 10:52:00 Europe/Berlin] Transaction started
[24-Jun-2025 10:52:00 Europe/Berlin] Using standby_attendanceID: 17
[24-Jun-2025 10:52:00 Europe/Berlin] Processing job #1
[24-Jun-2025 10:52:00 Europe/Berlin] Inserted job with ID: 88
[24-Jun-2025 10:52:00 Europe/Berlin] Created job attendance record ID: 62
[24-Jun-2025 10:52:00 Europe/Berlin] Transaction committed successfully
[24-Jun-2025 15:10:18 Asia/Colombo] Processing userIDs: Array
(
    [0] => 2
    [1] => 14
    [2] => 13
    [3] => 3
)

[24-Jun-2025 15:11:40 Asia/Colombo] Processing userIDs: Array
(
    [0] => 13
    [1] => 14
)

[24-Jun-2025 16:04:40 Asia/Colombo] Processing userIDs: Array
(
    [0] => 2
    [1] => 13
    [2] => 14
)

[24-Jun-2025 12:35:39 Europe/Berlin] Transaction started
[24-Jun-2025 12:35:39 Europe/Berlin] Using standby_attendanceID: 20
[24-Jun-2025 12:35:39 Europe/Berlin] Processing job #1
[24-Jun-2025 12:35:39 Europe/Berlin] Inserted job with ID: 89
[24-Jun-2025 12:35:39 Europe/Berlin] Created job attendance record ID: 63
[24-Jun-2025 12:35:39 Europe/Berlin] Transaction committed successfully
[25-Jun-2025 12:28:20 Asia/Colombo] Processing userIDs: Array
(
    [0] => 3
    [1] => 14
    [2] => 13
)

[25-Jun-2025 08:58:43 Europe/Berlin] Transaction started
[25-Jun-2025 08:58:43 Europe/Berlin] Using standby_attendanceID: 21
[25-Jun-2025 08:58:43 Europe/Berlin] Processing job #1
[25-Jun-2025 08:58:43 Europe/Berlin] Inserted job with ID: 90
[25-Jun-2025 08:58:43 Europe/Berlin] Created job attendance record ID: 64
[25-Jun-2025 08:58:43 Europe/Berlin] Transaction committed successfully
[25-Jun-2025 11:45:43 Europe/Berlin] Transaction started
[25-Jun-2025 11:45:43 Europe/Berlin] Using standby_attendanceID: 21
[25-Jun-2025 11:45:43 Europe/Berlin] Processing job #1
[25-Jun-2025 11:45:43 Europe/Berlin] Inserted job with ID: 91
[25-Jun-2025 11:45:43 Europe/Berlin] Created job attendance record ID: 65
[25-Jun-2025 11:45:43 Europe/Berlin] Transaction committed successfully
[25-Jun-2025 15:17:25 Asia/Colombo] Processing userIDs: Array
(
    [0] => 2
    [1] => 13
    [2] => 14
)

[25-Jun-2025 11:48:16 Europe/Berlin] Transaction started
[25-Jun-2025 11:48:16 Europe/Berlin] Using standby_attendanceID: 22
[25-Jun-2025 11:48:16 Europe/Berlin] Processing job #1
[25-Jun-2025 11:48:16 Europe/Berlin] Inserted job with ID: 92
[25-Jun-2025 11:48:16 Europe/Berlin] Created job attendance record ID: 66
[25-Jun-2025 11:48:16 Europe/Berlin] Transaction committed successfully
[25-Jun-2025 12:01:31 Europe/Berlin] Transaction started
[25-Jun-2025 12:01:31 Europe/Berlin] Using standby_attendanceID: 22
[25-Jun-2025 12:01:31 Europe/Berlin] Processing job #1
[25-Jun-2025 12:01:31 Europe/Berlin] Inserted job with ID: 93
[25-Jun-2025 12:01:31 Europe/Berlin] Created job attendance record ID: 67
[25-Jun-2025 12:01:31 Europe/Berlin] Processing job #2
[25-Jun-2025 12:01:31 Europe/Berlin] Inserted job with ID: 94
[25-Jun-2025 12:01:31 Europe/Berlin] Created job attendance record ID: 68
[25-Jun-2025 12:01:31 Europe/Berlin] Transaction committed successfully
[26-Jun-2025 10:08:51 Asia/Colombo] Processing userIDs: Array
(
    [0] => 3
    [1] => 13
    [2] => 14
)

[26-Jun-2025 06:39:52 Europe/Berlin] Transaction started
[26-Jun-2025 06:39:52 Europe/Berlin] Using standby_attendanceID: 23
[26-Jun-2025 06:39:52 Europe/Berlin] Processing job #1
[26-Jun-2025 06:39:52 Europe/Berlin] Inserted job with ID: 95
[26-Jun-2025 06:39:52 Europe/Berlin] Created job attendance record ID: 69
[26-Jun-2025 06:39:52 Europe/Berlin] Transaction committed successfully
[26-Jun-2025 10:39:07 Asia/Colombo] Processing userIDs: Array
(
    [0] => 13
    [1] => 14
)

[26-Jun-2025 10:40:25 Asia/Colombo] Processing userIDs: Array
(
    [0] => 2
    [1] => 13
)

[26-Jun-2025 07:10:54 Europe/Berlin] Transaction started
[26-Jun-2025 07:10:54 Europe/Berlin] Using standby_attendanceID: 25
[26-Jun-2025 07:10:54 Europe/Berlin] Processing job #1
[26-Jun-2025 07:10:54 Europe/Berlin] Inserted job with ID: 96
[26-Jun-2025 07:10:54 Europe/Berlin] Created job attendance record ID: 70
[26-Jun-2025 07:10:54 Europe/Berlin] Transaction committed successfully
[26-Jun-2025 11:02:15 Asia/Colombo] Processing userIDs: Array
(
    [0] => 14
    [1] => 3
    [2] => 2
)

[26-Jun-2025 07:32:50 Europe/Berlin] Transaction started
[26-Jun-2025 07:32:50 Europe/Berlin] Using standby_attendanceID: 26
[26-Jun-2025 07:32:50 Europe/Berlin] Processing job #1
[26-Jun-2025 07:32:50 Europe/Berlin] Inserted job with ID: 97
[26-Jun-2025 07:32:50 Europe/Berlin] Created job attendance record ID: 71
[26-Jun-2025 07:32:50 Europe/Berlin] Transaction committed successfully
[26-Jun-2025 16:28:55 Asia/Colombo] Processing userIDs: Array
(
    [0] => 2
    [1] => 14
    [2] => 13
)

[26-Jun-2025 18:41:42 Asia/Colombo] Processing userIDs: Array
(
    [0] => 13
    [1] => 14
)

[26-Jun-2025 15:14:24 Europe/Berlin] Transaction started
[26-Jun-2025 15:14:24 Europe/Berlin] Using standby_attendanceID: 32
[26-Jun-2025 15:14:24 Europe/Berlin] Processing job #1
[26-Jun-2025 15:14:24 Europe/Berlin] Inserted job with ID: 103
[26-Jun-2025 15:14:24 Europe/Berlin] Created job attendance record ID: 77
[26-Jun-2025 15:14:25 Europe/Berlin] Transaction committed successfully
[26-Jun-2025 15:18:31 Europe/Berlin] Transaction started
[26-Jun-2025 15:18:31 Europe/Berlin] Using standby_attendanceID: 32
[26-Jun-2025 15:18:31 Europe/Berlin] Processing job #1
[26-Jun-2025 15:18:31 Europe/Berlin] Inserted job with ID: 104
[26-Jun-2025 15:18:31 Europe/Berlin] Created job attendance record ID: 78
[26-Jun-2025 15:18:31 Europe/Berlin] Transaction committed successfully
[27-Jun-2025 08:38:10 Asia/Colombo] Processing userIDs: Array
(
    [0] => 3
    [1] => 14
    [2] => 2
)

[27-Jun-2025 05:08:36 Europe/Berlin] Transaction started
[27-Jun-2025 05:08:36 Europe/Berlin] Using standby_attendanceID: 33
[27-Jun-2025 05:08:36 Europe/Berlin] Processing job #1
[27-Jun-2025 05:08:36 Europe/Berlin] Inserted job with ID: 105
[27-Jun-2025 05:08:36 Europe/Berlin] Created job attendance record ID: 79
[27-Jun-2025 05:08:36 Europe/Berlin] Transaction rolled back due to error: Unknown column 'job_atendanceID' in 'where clause'
[27-Jun-2025 05:10:12 Europe/Berlin] Transaction started
[27-Jun-2025 05:10:12 Europe/Berlin] Using standby_attendanceID: 33
[27-Jun-2025 05:10:12 Europe/Berlin] Processing job #1
[27-Jun-2025 05:10:12 Europe/Berlin] Inserted job with ID: 106
[27-Jun-2025 05:10:12 Europe/Berlin] Created job attendance record ID: 80
[27-Jun-2025 05:10:12 Europe/Berlin] Transaction committed successfully
[27-Jun-2025 08:52:01 Asia/Colombo] Processing userIDs: Array
(
    [0] => 2
    [1] => 13
)

[27-Jun-2025 05:22:20 Europe/Berlin] Transaction started
[27-Jun-2025 05:22:20 Europe/Berlin] Using standby_attendanceID: 34
[27-Jun-2025 05:22:20 Europe/Berlin] Processing job #1
[27-Jun-2025 05:22:20 Europe/Berlin] Inserted job with ID: 107
[27-Jun-2025 05:22:20 Europe/Berlin] Created job attendance record ID: 81
[27-Jun-2025 05:22:20 Europe/Berlin] Transaction committed successfully
[27-Jun-2025 11:43:28 Asia/Colombo] Processing userIDs: Array
(
    [0] => 2
    [1] => 13
)

[27-Jun-2025 11:45:33 Asia/Colombo] Processing userIDs: Array
(
    [0] => 2
    [1] => 13
)

[27-Jun-2025 08:16:00 Europe/Berlin] Transaction started
[27-Jun-2025 08:16:00 Europe/Berlin] Using standby_attendanceID: 36
[27-Jun-2025 08:16:00 Europe/Berlin] Processing job #1
[27-Jun-2025 08:16:00 Europe/Berlin] Inserted job with ID: 108
[27-Jun-2025 08:16:00 Europe/Berlin] Created job attendance record ID: 82
[27-Jun-2025 08:16:00 Europe/Berlin] Transaction committed successfully
[27-Jun-2025 11:48:07 Asia/Colombo] Processing userIDs: Array
(
    [0] => 3
    [1] => 14
)

[27-Jun-2025 08:21:44 Europe/Berlin] Transaction started
[27-Jun-2025 08:21:44 Europe/Berlin] Using standby_attendanceID: 37
[27-Jun-2025 08:21:44 Europe/Berlin] Processing job #1
[27-Jun-2025 08:21:44 Europe/Berlin] Inserted job with ID: 109
[27-Jun-2025 08:21:44 Europe/Berlin] Created job attendance record ID: 83
[27-Jun-2025 08:21:44 Europe/Berlin] Transaction committed successfully
[27-Jun-2025 11:53:58 Asia/Colombo] Processing userIDs: Array
(
    [0] => 2
    [1] => 3
)

[27-Jun-2025 08:24:35 Europe/Berlin] Transaction started
[27-Jun-2025 08:24:35 Europe/Berlin] Using standby_attendanceID: 38
[27-Jun-2025 08:24:35 Europe/Berlin] Processing job #1
[27-Jun-2025 08:24:35 Europe/Berlin] Inserted job with ID: 110
[27-Jun-2025 08:24:35 Europe/Berlin] Created job attendance record ID: 84
[27-Jun-2025 08:24:35 Europe/Berlin] Transaction committed successfully
[27-Jun-2025 08:25:47 Europe/Berlin] Transaction started
[27-Jun-2025 08:25:47 Europe/Berlin] Using standby_attendanceID: 38
[27-Jun-2025 08:25:47 Europe/Berlin] Processing job #1
[27-Jun-2025 08:25:47 Europe/Berlin] Inserted job with ID: 111
[27-Jun-2025 08:25:47 Europe/Berlin] Created job attendance record ID: 85
[27-Jun-2025 08:25:47 Europe/Berlin] Transaction committed successfully
[27-Jun-2025 08:33:49 Europe/Berlin] Transaction started
[27-Jun-2025 08:33:49 Europe/Berlin] Using standby_attendanceID: 38
[27-Jun-2025 08:33:50 Europe/Berlin] Processing job #1
[27-Jun-2025 08:33:50 Europe/Berlin] Inserted job with ID: 112
[27-Jun-2025 08:33:50 Europe/Berlin] Created job attendance record ID: 86
[27-Jun-2025 08:33:50 Europe/Berlin] Transaction committed successfully
[27-Jun-2025 12:31:48 Asia/Colombo] Processing userIDs: Array
(
    [0] => 14
    [1] => 13
)

[27-Jun-2025 09:02:35 Europe/Berlin] Transaction started
[27-Jun-2025 09:02:35 Europe/Berlin] Using standby_attendanceID: 39
[27-Jun-2025 09:02:35 Europe/Berlin] Processing job #1
[27-Jun-2025 09:02:35 Europe/Berlin] Inserted job with ID: 113
[27-Jun-2025 09:02:35 Europe/Berlin] Created job attendance record ID: 87
[27-Jun-2025 09:02:35 Europe/Berlin] PHP Fatal error:  Uncaught ArgumentCountError: The number of elements in the type definition string must match the number of bind variables in C:\Users\nuwani\OneDrive - McLarens Holdings Limited\Projects\woss-tripbonus\controllers\createJobController.php:238
Stack trace:
#0 C:\Users\nuwani\OneDrive - McLarens Holdings Limited\Projects\woss-tripbonus\controllers\createJobController.php(238): mysqli_stmt->bind_param('ii', '39')
#1 {main}
  thrown in C:\Users\nuwani\OneDrive - McLarens Holdings Limited\Projects\woss-tripbonus\controllers\createJobController.php on line 238
[27-Jun-2025 09:03:15 Europe/Berlin] Transaction started
[27-Jun-2025 09:03:15 Europe/Berlin] Using standby_attendanceID: 39
[27-Jun-2025 09:03:15 Europe/Berlin] Processing job #1
[27-Jun-2025 09:03:15 Europe/Berlin] Inserted job with ID: 114
[27-Jun-2025 09:03:15 Europe/Berlin] Created job attendance record ID: 88
[27-Jun-2025 09:03:15 Europe/Berlin] Transaction committed successfully
[30-Jun-2025 09:30:36 Asia/Colombo] Processing userIDs: Array
(
    [0] => 3
    [1] => 13
    [2] => 14
)

[30-Jun-2025 06:01:11 Europe/Berlin] Transaction started
[30-Jun-2025 06:01:11 Europe/Berlin] Using standby_attendanceID: 40
[30-Jun-2025 06:01:11 Europe/Berlin] Processing job #1
[30-Jun-2025 06:01:11 Europe/Berlin] Inserted job with ID: 115
[30-Jun-2025 06:01:11 Europe/Berlin] Created job attendance record ID: 89
[30-Jun-2025 06:01:11 Europe/Berlin] Transaction committed successfully
[30-Jun-2025 10:16:12 Asia/Colombo] Processing userIDs: Array
(
    [0] => 2
    [1] => 13
    [2] => 14
)

[30-Jun-2025 06:46:36 Europe/Berlin] Transaction started
[30-Jun-2025 06:46:36 Europe/Berlin] Using standby_attendanceID: 41
[30-Jun-2025 06:46:36 Europe/Berlin] Processing job #1
[30-Jun-2025 06:46:36 Europe/Berlin] Inserted job with ID: 116
[30-Jun-2025 06:46:36 Europe/Berlin] Created job attendance record ID: 90
[30-Jun-2025 06:46:37 Europe/Berlin] Transaction committed successfully
[30-Jun-2025 08:39:42 Europe/Berlin] Transaction started
[30-Jun-2025 08:39:42 Europe/Berlin] Using standby_attendanceID: 41
[30-Jun-2025 08:39:42 Europe/Berlin] Processing job #1
[30-Jun-2025 08:39:42 Europe/Berlin] Inserted job with ID: 117
[30-Jun-2025 08:39:42 Europe/Berlin] Created job attendance record ID: 91
[30-Jun-2025 08:39:42 Europe/Berlin] Transaction committed successfully
[30-Jun-2025 11:43:56 Europe/Berlin] Transaction started
[30-Jun-2025 11:43:56 Europe/Berlin] Using standby_attendanceID: 41
[30-Jun-2025 11:43:56 Europe/Berlin] Processing job #1
[30-Jun-2025 11:43:56 Europe/Berlin] Inserted job with ID: 118
[30-Jun-2025 11:43:56 Europe/Berlin] Created job attendance record ID: 92
[30-Jun-2025 11:43:56 Europe/Berlin] Transaction committed successfully
[02-Jul-2025 06:21:18 Europe/Berlin] Transaction started
[02-Jul-2025 06:21:18 Europe/Berlin] Using standby_attendanceID: 41
[02-Jul-2025 06:21:18 Europe/Berlin] Processing job #1
[02-Jul-2025 06:21:18 Europe/Berlin] Inserted job with ID: 119
[02-Jul-2025 06:21:18 Europe/Berlin] Created job attendance record ID: 93
[02-Jul-2025 06:21:18 Europe/Berlin] Transaction committed successfully
[02-Jul-2025 11:06:51 Europe/Berlin] Transaction started
[02-Jul-2025 11:06:51 Europe/Berlin] Using standby_attendanceID: 42
[02-Jul-2025 11:06:51 Europe/Berlin] Processing job #1
[02-Jul-2025 11:06:51 Europe/Berlin] Inserted job with ID: 124
[02-Jul-2025 11:06:51 Europe/Berlin] Created job attendance record ID: 98
[02-Jul-2025 11:06:51 Europe/Berlin] Transaction committed successfully
[02-Jul-2025 11:09:46 Europe/Berlin] Transaction started
[02-Jul-2025 11:09:46 Europe/Berlin] Using standby_attendanceID: 42
[02-Jul-2025 11:09:46 Europe/Berlin] Processing job #1
[02-Jul-2025 11:09:46 Europe/Berlin] Inserted job with ID: 125
[02-Jul-2025 11:09:46 Europe/Berlin] Created job attendance record ID: 99
[02-Jul-2025 11:09:46 Europe/Berlin] Transaction committed successfully
[02-Jul-2025 11:35:48 Europe/Berlin] Transaction started
[02-Jul-2025 11:35:48 Europe/Berlin] Using standby_attendanceID: 42
[02-Jul-2025 11:35:48 Europe/Berlin] Processing job #1
[02-Jul-2025 11:35:48 Europe/Berlin] Inserted job with ID: 126
[02-Jul-2025 11:35:48 Europe/Berlin] Created job attendance record ID: 100
[02-Jul-2025 11:35:48 Europe/Berlin] Transaction committed successfully
[02-Jul-2025 13:31:35 Europe/Berlin] Transaction started
[02-Jul-2025 13:31:35 Europe/Berlin] Using standby_attendanceID: 42
[02-Jul-2025 13:31:35 Europe/Berlin] Processing job #1
[02-Jul-2025 13:31:35 Europe/Berlin] Inserted job with ID: 127
[02-Jul-2025 13:31:35 Europe/Berlin] Created job attendance record ID: 101
[02-Jul-2025 13:31:35 Europe/Berlin] Transaction committed successfully
[07-Jul-2025 07:20:22 Europe/Berlin] Transaction started
[07-Jul-2025 07:20:22 Europe/Berlin] Using standby_attendanceID: 42
[07-Jul-2025 07:20:22 Europe/Berlin] Processing job #1
[07-Jul-2025 07:20:22 Europe/Berlin] Inserted job with ID: 128
[07-Jul-2025 07:20:22 Europe/Berlin] Created job attendance record ID: 102
[07-Jul-2025 07:20:22 Europe/Berlin] Transaction committed successfully
[07-Jul-2025 07:50:46 Europe/Berlin] Transaction started
[07-Jul-2025 07:50:46 Europe/Berlin] Using standby_attendanceID: 42
[07-Jul-2025 07:50:46 Europe/Berlin] Processing job #1
[07-Jul-2025 07:50:46 Europe/Berlin] Inserted job with ID: 129
[07-Jul-2025 07:50:46 Europe/Berlin] Created job attendance record ID: 103
[07-Jul-2025 07:50:46 Europe/Berlin] Transaction committed successfully
[07-Jul-2025 07:55:18 Europe/Berlin] Transaction started
[07-Jul-2025 07:55:18 Europe/Berlin] Using standby_attendanceID: 42
[07-Jul-2025 07:55:18 Europe/Berlin] Processing job #1
[07-Jul-2025 07:55:18 Europe/Berlin] Inserted job with ID: 130
[07-Jul-2025 07:55:18 Europe/Berlin] Created job attendance record ID: 104
[07-Jul-2025 07:55:18 Europe/Berlin] Transaction committed successfully
[07-Jul-2025 08:30:47 Europe/Berlin] Transaction started
[07-Jul-2025 08:30:47 Europe/Berlin] Using standby_attendanceID: 42
[07-Jul-2025 08:30:47 Europe/Berlin] Processing job #1
[07-Jul-2025 08:30:47 Europe/Berlin] Inserted job with ID: 131
[07-Jul-2025 08:30:47 Europe/Berlin] Created job attendance record ID: 105
[07-Jul-2025 08:30:47 Europe/Berlin] Transaction committed successfully
[07-Jul-2025 14:21:28 Asia/Colombo] Processing userIDs: Array
(
    [0] => 15
    [1] => 16
    [2] => 13
)

[07-Jul-2025 15:44:54 Asia/Colombo] Processing userIDs: Array
(
    [0] => 13
    [1] => 14
    [2] => 15
)

[08-Jul-2025 17:44:04 Europe/Berlin] Transaction started
[08-Jul-2025 17:44:04 Europe/Berlin] Using standby_attendanceID: 45
[08-Jul-2025 17:44:04 Europe/Berlin] Processing job #1
[08-Jul-2025 17:44:04 Europe/Berlin] Inserted job with ID: 133
[08-Jul-2025 17:44:04 Europe/Berlin] Created job attendance record ID: 107
[08-Jul-2025 17:44:04 Europe/Berlin] Transaction committed successfully
[08-Jul-2025 18:25:49 Europe/Berlin] Transaction started
[08-Jul-2025 18:25:49 Europe/Berlin] Using standby_attendanceID: 45
[08-Jul-2025 18:25:49 Europe/Berlin] Processing job #1
[08-Jul-2025 18:25:49 Europe/Berlin] Inserted job with ID: 134
[08-Jul-2025 18:25:49 Europe/Berlin] Created job attendance record ID: 108
[08-Jul-2025 18:25:49 Europe/Berlin] Transaction rolled back due to error: No employee record found for creator userID 5
[08-Jul-2025 18:26:17 Europe/Berlin] Transaction started
[08-Jul-2025 18:26:17 Europe/Berlin] Using standby_attendanceID: 45
[08-Jul-2025 18:26:17 Europe/Berlin] Processing job #1
[08-Jul-2025 18:26:17 Europe/Berlin] Inserted job with ID: 135
[08-Jul-2025 18:26:17 Europe/Berlin] Created job attendance record ID: 109
[08-Jul-2025 18:26:17 Europe/Berlin] Transaction rolled back due to error: No employee record found for creator userID 5
[08-Jul-2025 18:27:18 Europe/Berlin] Transaction started
[08-Jul-2025 18:27:18 Europe/Berlin] Using standby_attendanceID: 45
[08-Jul-2025 18:27:18 Europe/Berlin] Processing job #1
[08-Jul-2025 18:27:18 Europe/Berlin] Inserted job with ID: 136
[08-Jul-2025 18:27:18 Europe/Berlin] Created job attendance record ID: 110
[08-Jul-2025 18:27:18 Europe/Berlin] Transaction committed successfully
[13-Jul-2025 16:30:06 Europe/Berlin] Transaction started
[13-Jul-2025 16:30:06 Europe/Berlin] Using standby_attendanceID: 45
[13-Jul-2025 16:30:06 Europe/Berlin] Processing job #1
[13-Jul-2025 16:30:06 Europe/Berlin] Inserted job with ID: 137
[13-Jul-2025 16:30:06 Europe/Berlin] Created job attendance record ID: 111
[13-Jul-2025 16:30:06 Europe/Berlin] Transaction committed successfully
[14-Jul-2025 11:09:04 Europe/Berlin] Transaction started
[14-Jul-2025 11:09:04 Europe/Berlin] Using standby_attendanceID: 45
[14-Jul-2025 11:09:04 Europe/Berlin] Processing job #1
[14-Jul-2025 11:09:04 Europe/Berlin] Inserted job with ID: 138
[14-Jul-2025 11:09:04 Europe/Berlin] Created job attendance record ID: 112
[14-Jul-2025 11:09:04 Europe/Berlin] Transaction committed successfully
[14-Jul-2025 12:00:00 Europe/Berlin] Transaction started
[14-Jul-2025 12:00:00 Europe/Berlin] Using standby_attendanceID: 45
[14-Jul-2025 12:00:00 Europe/Berlin] Processing job #1
[14-Jul-2025 12:00:00 Europe/Berlin] Inserted job with ID: 139
[14-Jul-2025 12:00:00 Europe/Berlin] Created job attendance record ID: 113
[14-Jul-2025 12:00:00 Europe/Berlin] Transaction committed successfully
[16-Jul-2025 19:15:10 Europe/Berlin] Transaction started
[16-Jul-2025 19:15:10 Europe/Berlin] Using standby_attendanceID: 45
[16-Jul-2025 19:15:10 Europe/Berlin] Processing job #1
[16-Jul-2025 19:15:10 Europe/Berlin] Inserted job with ID: 140
[16-Jul-2025 19:15:10 Europe/Berlin] Created job attendance record ID: 114
[16-Jul-2025 19:15:10 Europe/Berlin] Transaction committed successfully
[17-Jul-2025 14:15:32 Asia/Colombo] Processing userIDs: Array
(
    [0] => 2
)

[17-Jul-2025 10:56:44 Europe/Berlin] Transaction started
[17-Jul-2025 10:56:44 Europe/Berlin] Using standby_attendanceID: 46
[17-Jul-2025 10:56:44 Europe/Berlin] Processing job #1
[17-Jul-2025 10:56:44 Europe/Berlin] Inserted job with ID: 141
[17-Jul-2025 10:56:44 Europe/Berlin] Created job attendance record ID: 115
[17-Jul-2025 10:56:44 Europe/Berlin] Transaction committed successfully
[19-Jul-2025 13:28:22 Europe/Berlin] Transaction started
[19-Jul-2025 13:28:22 Europe/Berlin] Using standby_attendanceID: 46
[19-Jul-2025 13:28:22 Europe/Berlin] Processing job #1
[19-Jul-2025 13:28:22 Europe/Berlin] Inserted job with ID: 142
[19-Jul-2025 13:28:22 Europe/Berlin] Created job attendance record ID: 116
[19-Jul-2025 13:28:22 Europe/Berlin] Transaction committed successfully
[19-Jul-2025 14:05:07 Europe/Berlin] Transaction started
[19-Jul-2025 14:05:07 Europe/Berlin] Using standby_attendanceID: 46
[19-Jul-2025 14:05:07 Europe/Berlin] Processing job #1
[19-Jul-2025 14:05:07 Europe/Berlin] Inserted job with ID: 143
[19-Jul-2025 14:05:07 Europe/Berlin] Created job attendance record ID: 117
[19-Jul-2025 14:05:07 Europe/Berlin] Transaction committed successfully
[19-Jul-2025 14:15:02 Europe/Berlin] Transaction started
[19-Jul-2025 14:15:02 Europe/Berlin] Using standby_attendanceID: 46
[19-Jul-2025 14:15:02 Europe/Berlin] Processing job #1
[19-Jul-2025 14:15:02 Europe/Berlin] Inserted job with ID: 144
[19-Jul-2025 14:15:02 Europe/Berlin] Created job attendance record ID: 118
[19-Jul-2025 14:15:02 Europe/Berlin] Transaction committed successfully
[19-Jul-2025 14:17:10 Europe/Berlin] Transaction started
[19-Jul-2025 14:17:10 Europe/Berlin] Using standby_attendanceID: 46
[19-Jul-2025 14:17:10 Europe/Berlin] Processing job #1
[19-Jul-2025 14:17:10 Europe/Berlin] Inserted job with ID: 145
[19-Jul-2025 14:17:10 Europe/Berlin] Created job attendance record ID: 119
[19-Jul-2025 14:17:10 Europe/Berlin] Transaction committed successfully
[21-Jul-2025 11:10:15 Asia/Colombo] Processing userIDs: Array
(
    [0] => 2
    [1] => 13
    [2] => 14
    [3] => 15
)

[21-Jul-2025 07:51:09 Europe/Berlin] Transaction started
[21-Jul-2025 07:51:09 Europe/Berlin] Using standby_attendanceID: 47
[21-Jul-2025 07:51:09 Europe/Berlin] Processing job #1
[21-Jul-2025 07:51:09 Europe/Berlin] Inserted job with ID: 146
[21-Jul-2025 07:51:10 Europe/Berlin] Created job attendance record ID: 120
[21-Jul-2025 07:51:10 Europe/Berlin] Transaction rolled back due to error: No employee record found for creator userID 5
[21-Jul-2025 07:51:48 Europe/Berlin] Transaction started
[21-Jul-2025 07:51:48 Europe/Berlin] Using standby_attendanceID: 47
[21-Jul-2025 07:51:48 Europe/Berlin] Processing job #1
[21-Jul-2025 07:51:48 Europe/Berlin] Inserted job with ID: 147
[21-Jul-2025 07:51:48 Europe/Berlin] Created job attendance record ID: 121
[21-Jul-2025 07:51:48 Europe/Berlin] Transaction rolled back due to error: No employee record found for creator userID 5
[21-Jul-2025 07:52:21 Europe/Berlin] Transaction started
[21-Jul-2025 07:52:21 Europe/Berlin] Using standby_attendanceID: 47
[21-Jul-2025 07:52:21 Europe/Berlin] Processing job #1
[21-Jul-2025 07:52:21 Europe/Berlin] Inserted job with ID: 148
[21-Jul-2025 07:52:21 Europe/Berlin] Created job attendance record ID: 122
[21-Jul-2025 07:52:21 Europe/Berlin] Transaction committed successfully
[23-Jul-2025 09:43:51 Asia/Colombo] Processing userIDs: Array
(
    [0] => 2
    [1] => 13
    [2] => 14
)

[23-Jul-2025 06:26:43 Europe/Berlin] Transaction started
[23-Jul-2025 06:26:43 Europe/Berlin] Using standby_attendanceID: 48
[23-Jul-2025 06:26:43 Europe/Berlin] Processing job #1
[23-Jul-2025 06:26:43 Europe/Berlin] Inserted job with ID: 149
[23-Jul-2025 06:26:43 Europe/Berlin] Created job attendance record ID: 123
[23-Jul-2025 06:26:43 Europe/Berlin] Transaction committed successfully
[23-Jul-2025 10:07:59 Asia/Colombo] Processing userIDs: Array
(
    [0] => 2
    [1] => 13
    [2] => 14
)

[24-Jul-2025 14:02:30 Asia/Colombo] Processing userIDs: Array
(
    [0] => 2
    [1] => 13
    [2] => 14
    [3] => 15
)

[24-Jul-2025 13:41:01 Europe/Berlin] Submitted job_attendanceID: 0
[24-Jul-2025 13:41:01 Europe/Berlin] PHP Fatal error:  Uncaught Exception: Job attendance record not found in C:\Users\nuwani\OneDrive - McLarens Holdings Limited\Projects\woss-tripbonus\controllers\approveJobsController.php:393
Stack trace:
#0 {main}
  thrown in C:\Users\nuwani\OneDrive - McLarens Holdings Limited\Projects\woss-tripbonus\controllers\approveJobsController.php on line 393
[24-Jul-2025 13:41:03 Europe/Berlin] PHP Warning:  Undefined variable $attendance in C:\Users\nuwani\OneDrive - McLarens Holdings Limited\Projects\woss-tripbonus\views\approveJobs.php on line 478
[24-Jul-2025 13:41:03 Europe/Berlin] PHP Warning:  Trying to access array offset on value of type null in C:\Users\nuwani\OneDrive - McLarens Holdings Limited\Projects\woss-tripbonus\views\approveJobs.php on line 478
[24-Jul-2025 13:41:05 Europe/Berlin] PHP Warning:  Undefined variable $attendance in C:\Users\nuwani\OneDrive - McLarens Holdings Limited\Projects\woss-tripbonus\views\approveJobs.php on line 478
[24-Jul-2025 13:41:05 Europe/Berlin] PHP Warning:  Trying to access array offset on value of type null in C:\Users\nuwani\OneDrive - McLarens Holdings Limited\Projects\woss-tripbonus\views\approveJobs.php on line 478
[24-Jul-2025 13:41:11 Europe/Berlin] Submitted job_attendanceID: 0
[24-Jul-2025 13:41:11 Europe/Berlin] PHP Fatal error:  Uncaught Exception: Job attendance record not found in C:\Users\nuwani\OneDrive - McLarens Holdings Limited\Projects\woss-tripbonus\controllers\approveJobsController.php:393
Stack trace:
#0 {main}
  thrown in C:\Users\nuwani\OneDrive - McLarens Holdings Limited\Projects\woss-tripbonus\controllers\approveJobsController.php on line 393
[24-Jul-2025 16:49:45 Europe/Berlin] PHP Warning:  Undefined variable $attendance in C:\Users\nuwani\OneDrive - McLarens Holdings Limited\Projects\woss-tripbonus\views\approveJobs.php on line 492
[24-Jul-2025 16:49:46 Europe/Berlin] PHP Warning:  Trying to access array offset on value of type null in C:\Users\nuwani\OneDrive - McLarens Holdings Limited\Projects\woss-tripbonus\views\approveJobs.php on line 492
[24-Jul-2025 16:49:57 Europe/Berlin] PHP Warning:  Undefined variable $attendance in C:\Users\nuwani\OneDrive - McLarens Holdings Limited\Projects\woss-tripbonus\views\approveJobs.php on line 492
[24-Jul-2025 16:49:58 Europe/Berlin] PHP Warning:  Trying to access array offset on value of type null in C:\Users\nuwani\OneDrive - McLarens Holdings Limited\Projects\woss-tripbonus\views\approveJobs.php on line 492
[31-Jul-2025 13:04:03 Asia/Colombo] Processing userIDs: Array
(
    [0] => 2
    [1] => 13
    [2] => 14
    [3] => 3
)

[31-Jul-2025 13:16:32 Asia/Colombo] Processing userIDs: Array
(
    [0] => 2
    [1] => 13
    [2] => 14
    [3] => 15
)

[31-Jul-2025 13:16:49 Asia/Colombo] Processing userIDs: Array
(
    [0] => 2
    [1] => 13
    [2] => 14
    [3] => 15
)

[31-Jul-2025 13:20:56 Asia/Colombo] Processing userIDs: Array
(
    [0] => 14
    [1] => 13
    [2] => 2
    [3] => 15
)

[31-Jul-2025 13:21:37 Asia/Colombo] Processing userIDs: Array
(
    [0] => 2
    [1] => 13
)

[01-Aug-2025 12:57:56 Asia/Colombo] Processing userIDs: Array
(
    [0] => 15
    [1] => 14
    [2] => 13
)

[01-Aug-2025 13:00:00 Asia/Colombo] Processing userIDs: Array
(
    [0] => 14
    [1] => 2
    [2] => 3
    [3] => 15
)

[01-Aug-2025 13:02:20 Asia/Colombo] Processing userIDs: Array
(
    [0] => 2
    [1] => 14
    [2] => 15
)

[01-Aug-2025 13:03:39 Asia/Colombo] Processing userIDs: Array
(
    [0] => 15
    [1] => 14
    [2] => 13
)

[01-Aug-2025 14:10:11 Asia/Colombo] Processing userIDs: Array
(
    [0] => 2
    [1] => 3
    [2] => 14
)

[04-Aug-2025 08:28:47 Asia/Colombo] Processing userIDs: Array
(
    [0] => 2
    [1] => 13
    [2] => 14
    [3] => 1
)

[04-Aug-2025 11:00:10 Asia/Colombo] Processing userIDs: Array
(
    [0] => 2
    [1] => 3
    [2] => 13
    [3] => 1
)

[06-Aug-2025 09:24:16 Asia/Colombo] Processing userIDs: Array
(
    [0] => 13
    [1] => 15
    [2] => 14
    [3] => 1
)

[07-Aug-2025 10:51:35 Asia/Colombo] Processing userIDs: Array
(
    [0] => 2
    [1] => 3
    [2] => 13
    [3] => 14
    [4] => 1
)

[07-Aug-2025 12:36:17 Asia/Colombo] Processing userIDs: Array
(
    [0] => 2
    [1] => 3
    [2] => 14
    [3] => 15
    [4] => 1
)

[11-Aug-2025 16:17:29 Asia/Colombo] Processing userIDs: Array
(
    [0] => 17
    [1] => 1
)

[11-Aug-2025 16:17:57 Asia/Colombo] Processing userIDs: Array
(
    [0] => 16
    [1] => 17
    [2] => 19
    [3] => 1
)

[12-Aug-2025 09:30:12 Asia/Colombo] Processing userIDs: Array
(
    [0] => 22
    [1] => 21
    [2] => 1
)

[12-Aug-2025 09:32:17 Asia/Colombo] Processing userIDs: Array
(
    [0] => 23
    [1] => 1
)

[12-Aug-2025 09:41:30 Asia/Colombo] Processing userIDs: Array
(
    [0] => 2
    [1] => 1
)

[12-Aug-2025 09:43:20 Asia/Colombo] Processing userIDs: Array
(
    [0] => 3
    [1] => 1
)

[12-Aug-2025 10:44:03 Asia/Colombo] Processing userIDs: Array
(
    [0] => 22
)

[12-Aug-2025 10:44:59 Asia/Colombo] Processing userIDs: Array
(
    [0] => 2
    [1] => 3
)

[12-Aug-2025 10:45:13 Asia/Colombo] Processing userIDs: Array
(
    [0] => 14
)

[12-Aug-2025 10:59:26 Asia/Colombo] Processing userIDs: Array
(
    [0] => 19
)

[12-Aug-2025 14:05:59 Asia/Colombo] Processing userIDs: Array
(
    [0] => 2
)

[12-Aug-2025 14:34:10 Asia/Colombo] Processing userIDs: Array
(
    [0] => 2
)

[12-Aug-2025 15:27:07 Asia/Colombo] Processing userIDs: Array
(
    [0] => 22
)

